{"app":"mockoon-desktop","level":"info","message":"[RENDERER][COMPONENT][APP] Initializing application","timestamp":"2024-05-09T12:51:36.800Z"}
{"app":"mockoon-desktop","level":"info","message":"[RENDERER][SERVICE][ENVIRONMENTS] First load, creating demo environment","timestamp":"2024-05-09T12:51:36.850Z"}
{"app":"mockoon-desktop","level":"info","message":"[MAIN][UPDATE] Found a new version v8.1.1","timestamp":"2024-05-09T12:51:37.991Z"}
{"app":"mockoon-server","environmentName":"Hotel app","environmentUUID":"887f29ec-8638-4fee-b203-da91407e08de","level":"info","message":"Server started on port 3001","timestamp":"2024-05-09T12:52:23.708Z"}
{"app":"mockoon-server","environmentName":"Hotel app","environmentUUID":"887f29ec-8638-4fee-b203-da91407e08de","level":"info","message":"Transaction recorded","requestMethod":"GET","requestPath":"/reservations","requestProxied":false,"responseStatus":200,"timestamp":"2024-05-09T12:52:41.277Z"}
{"app":"mockoon-server","environmentName":"Hotel app","environmentUUID":"887f29ec-8638-4fee-b203-da91407e08de","level":"info","message":"Transaction recorded","requestMethod":"OPTIONS","requestPath":"/reservation/1","requestProxied":false,"responseStatus":200,"timestamp":"2024-05-09T12:52:59.721Z"}
{"app":"mockoon-server","environmentName":"Hotel app","environmentUUID":"887f29ec-8638-4fee-b203-da91407e08de","level":"info","message":"Transaction recorded","requestMethod":"DELETE","requestPath":"/reservation/1","requestProxied":false,"responseStatus":204,"timestamp":"2024-05-09T12:52:59.727Z"}
{"app":"mockoon-server","environmentName":"Hotel app","environmentUUID":"887f29ec-8638-4fee-b203-da91407e08de","level":"info","message":"Transaction recorded","requestMethod":"GET","requestPath":"/reservations","requestProxied":false,"responseStatus":200,"timestamp":"2024-05-09T12:54:51.486Z"}
{"app":"mockoon-server","environmentName":"Hotel app","environmentUUID":"887f29ec-8638-4fee-b203-da91407e08de","level":"info","message":"Transaction recorded","requestMethod":"OPTIONS","requestPath":"/reservation/1","requestProxied":false,"responseStatus":200,"timestamp":"2024-05-09T12:55:34.398Z"}
{"app":"mockoon-server","environmentName":"Hotel app","environmentUUID":"887f29ec-8638-4fee-b203-da91407e08de","level":"info","message":"Transaction recorded","requestMethod":"DELETE","requestPath":"/reservation/1","requestProxied":false,"responseStatus":204,"timestamp":"2024-05-09T12:55:34.414Z"}
{"app":"mockoon-server","environmentName":"Hotel app","environmentUUID":"887f29ec-8638-4fee-b203-da91407e08de","level":"info","message":"Transaction recorded","requestMethod":"GET","requestPath":"/reservations","requestProxied":false,"responseStatus":200,"timestamp":"2024-05-09T12:55:44.281Z"}
{"app":"mockoon-server","environmentName":"Hotel app","environmentUUID":"887f29ec-8638-4fee-b203-da91407e08de","level":"info","message":"Transaction recorded","requestMethod":"GET","requestPath":"/reservations","requestProxied":false,"responseStatus":200,"timestamp":"2024-05-09T12:56:05.763Z"}
{"app":"mockoon-server","environmentName":"Hotel app","environmentUUID":"887f29ec-8638-4fee-b203-da91407e08de","level":"info","message":"Transaction recorded","requestMethod":"GET","requestPath":"/reservations","requestProxied":false,"responseStatus":200,"timestamp":"2024-05-09T12:58:10.113Z"}
{"app":"mockoon-server","environmentName":"Hotel app","environmentUUID":"887f29ec-8638-4fee-b203-da91407e08de","level":"info","message":"Transaction recorded","requestMethod":"GET","requestPath":"/reservations","requestProxied":false,"responseStatus":200,"timestamp":"2024-05-09T12:59:17.253Z"}
{"app":"mockoon-server","environmentName":"Hotel app","environmentUUID":"887f29ec-8638-4fee-b203-da91407e08de","level":"info","message":"Transaction recorded","requestMethod":"GET","requestPath":"/reservations","requestProxied":false,"responseStatus":200,"timestamp":"2024-05-09T12:59:33.967Z"}
{"app":"mockoon-server","environmentName":"Hotel app","environmentUUID":"887f29ec-8638-4fee-b203-da91407e08de","level":"info","message":"Transaction recorded","requestMethod":"GET","requestPath":"/reservations","requestProxied":false,"responseStatus":200,"timestamp":"2024-05-09T12:59:35.881Z"}
{"app":"mockoon-server","environmentName":"Hotel app","environmentUUID":"887f29ec-8638-4fee-b203-da91407e08de","level":"info","message":"Transaction recorded","requestMethod":"GET","requestPath":"/reservations","requestProxied":false,"responseStatus":200,"timestamp":"2024-05-09T12:59:40.897Z"}
{"app":"mockoon-server","environmentName":"Hotel app","environmentUUID":"887f29ec-8638-4fee-b203-da91407e08de","level":"info","message":"Transaction recorded","requestMethod":"GET","requestPath":"/reservations","requestProxied":false,"responseStatus":200,"timestamp":"2024-05-09T12:59:46.282Z"}
{"app":"mockoon-server","environmentName":"Hotel app","environmentUUID":"887f29ec-8638-4fee-b203-da91407e08de","level":"info","message":"Transaction recorded","requestMethod":"GET","requestPath":"/reservations","requestProxied":false,"responseStatus":200,"timestamp":"2024-05-09T12:59:47.980Z"}
{"app":"mockoon-server","environmentName":"Hotel app","environmentUUID":"887f29ec-8638-4fee-b203-da91407e08de","level":"info","message":"Transaction recorded","requestMethod":"GET","requestPath":"/reservations","requestProxied":false,"responseStatus":200,"timestamp":"2024-05-09T12:59:51.943Z"}
{"app":"mockoon-server","environmentName":"Hotel app","environmentUUID":"887f29ec-8638-4fee-b203-da91407e08de","level":"info","message":"Transaction recorded","requestMethod":"GET","requestPath":"/reservations","requestProxied":false,"responseStatus":200,"timestamp":"2024-05-09T13:00:11.198Z"}
{"app":"mockoon-server","environmentName":"Hotel app","environmentUUID":"887f29ec-8638-4fee-b203-da91407e08de","level":"info","message":"Transaction recorded","requestMethod":"GET","requestPath":"/reservations","requestProxied":false,"responseStatus":200,"timestamp":"2024-05-09T13:00:17.907Z"}
{"app":"mockoon-server","environmentName":"Hotel app","environmentUUID":"887f29ec-8638-4fee-b203-da91407e08de","level":"info","message":"Transaction recorded","requestMethod":"GET","requestPath":"/reservations","requestProxied":false,"responseStatus":200,"timestamp":"2024-05-09T13:00:55.948Z"}
{"app":"mockoon-server","environmentName":"Hotel app","environmentUUID":"887f29ec-8638-4fee-b203-da91407e08de","level":"info","message":"Transaction recorded","requestMethod":"GET","requestPath":"/reservations","requestProxied":false,"responseStatus":200,"timestamp":"2024-05-09T13:01:01.940Z"}
{"app":"mockoon-server","environmentName":"Hotel app","environmentUUID":"887f29ec-8638-4fee-b203-da91407e08de","level":"info","message":"Transaction recorded","requestMethod":"GET","requestPath":"/reservations","requestProxied":false,"responseStatus":200,"timestamp":"2024-05-09T13:01:09.069Z"}
{"app":"mockoon-server","environmentName":"Hotel app","environmentUUID":"887f29ec-8638-4fee-b203-da91407e08de","level":"info","message":"Transaction recorded","requestMethod":"GET","requestPath":"/reservations","requestProxied":false,"responseStatus":200,"timestamp":"2024-05-09T13:01:14.885Z"}
{"app":"mockoon-server","environmentName":"Hotel app","environmentUUID":"887f29ec-8638-4fee-b203-da91407e08de","level":"info","message":"Transaction recorded","requestMethod":"GET","requestPath":"/reservations","requestProxied":false,"responseStatus":200,"timestamp":"2024-05-09T13:01:21.871Z"}
{"app":"mockoon-server","environmentName":"Hotel app","environmentUUID":"887f29ec-8638-4fee-b203-da91407e08de","level":"info","message":"Transaction recorded","requestMethod":"GET","requestPath":"/reservations","requestProxied":false,"responseStatus":200,"timestamp":"2024-05-09T13:01:27.900Z"}
{"app":"mockoon-server","environmentName":"Hotel app","environmentUUID":"887f29ec-8638-4fee-b203-da91407e08de","level":"info","message":"Transaction recorded","requestMethod":"GET","requestPath":"/reservations","requestProxied":false,"responseStatus":200,"timestamp":"2024-05-09T13:01:35.918Z"}
{"app":"mockoon-server","environmentName":"Hotel app","environmentUUID":"887f29ec-8638-4fee-b203-da91407e08de","level":"info","message":"Transaction recorded","requestMethod":"GET","requestPath":"/reservations","requestProxied":false,"responseStatus":200,"timestamp":"2024-05-09T13:01:38.887Z"}
{"app":"mockoon-server","environmentName":"Hotel app","environmentUUID":"887f29ec-8638-4fee-b203-da91407e08de","level":"info","message":"Transaction recorded","requestMethod":"OPTIONS","requestPath":"/reservation/1","requestProxied":false,"responseStatus":200,"timestamp":"2024-05-09T13:03:49.059Z"}
{"app":"mockoon-server","environmentName":"Hotel app","environmentUUID":"887f29ec-8638-4fee-b203-da91407e08de","level":"info","message":"Transaction recorded","requestMethod":"DELETE","requestPath":"/reservation/1","requestProxied":false,"responseStatus":204,"timestamp":"2024-05-09T13:03:49.077Z"}
{"app":"mockoon-server","environmentName":"Hotel app","environmentUUID":"887f29ec-8638-4fee-b203-da91407e08de","level":"info","message":"Transaction recorded","requestMethod":"GET","requestPath":"/reservation/1","requestProxied":false,"responseStatus":200,"timestamp":"2024-05-09T13:03:50.975Z"}
{"app":"mockoon-server","environmentName":"Hotel app","environmentUUID":"887f29ec-8638-4fee-b203-da91407e08de","level":"info","message":"Transaction recorded","requestMethod":"OPTIONS","requestPath":"/reservation/1","requestProxied":false,"responseStatus":200,"timestamp":"2024-05-09T13:04:00.652Z"}
{"app":"mockoon-server","environmentName":"Hotel app","environmentUUID":"887f29ec-8638-4fee-b203-da91407e08de","level":"info","message":"Transaction recorded","requestMethod":"PUT","requestPath":"/reservation/1","requestProxied":false,"responseStatus":200,"timestamp":"2024-05-09T13:04:00.665Z"}
{"app":"mockoon-server","environmentName":"Hotel app","environmentUUID":"887f29ec-8638-4fee-b203-da91407e08de","level":"info","message":"Transaction recorded","requestMethod":"GET","requestPath":"/reservations","requestProxied":false,"responseStatus":200,"timestamp":"2024-05-09T13:04:00.670Z"}
{"app":"mockoon-server","environmentName":"Hotel app","environmentUUID":"887f29ec-8638-4fee-b203-da91407e08de","level":"info","message":"Transaction recorded","requestMethod":"GET","requestPath":"/reservation/1","requestProxied":false,"responseStatus":200,"timestamp":"2024-05-09T13:05:30.138Z"}
{"app":"mockoon-server","environmentName":"Hotel app","environmentUUID":"887f29ec-8638-4fee-b203-da91407e08de","level":"info","message":"Transaction recorded","requestMethod":"OPTIONS","requestPath":"/reservation/1","requestProxied":false,"responseStatus":200,"timestamp":"2024-05-09T13:05:38.632Z"}
{"app":"mockoon-server","environmentName":"Hotel app","environmentUUID":"887f29ec-8638-4fee-b203-da91407e08de","level":"info","message":"Transaction recorded","requestMethod":"PUT","requestPath":"/reservation/1","requestProxied":false,"responseStatus":200,"timestamp":"2024-05-09T13:05:38.638Z"}
{"app":"mockoon-server","environmentName":"Hotel app","environmentUUID":"887f29ec-8638-4fee-b203-da91407e08de","level":"info","message":"Transaction recorded","requestMethod":"GET","requestPath":"/reservations","requestProxied":false,"responseStatus":200,"timestamp":"2024-05-09T13:05:38.644Z"}
{"app":"mockoon-server","environmentName":"Hotel app","environmentUUID":"887f29ec-8638-4fee-b203-da91407e08de","level":"info","message":"Transaction recorded","requestMethod":"GET","requestPath":"/reservation/1","requestProxied":false,"responseStatus":200,"timestamp":"2024-05-09T13:05:47.384Z"}
{"app":"mockoon-server","environmentName":"Hotel app","environmentUUID":"887f29ec-8638-4fee-b203-da91407e08de","level":"info","message":"Transaction recorded","requestMethod":"OPTIONS","requestPath":"/reservation/1","requestProxied":false,"responseStatus":200,"timestamp":"2024-05-09T13:05:50.704Z"}
{"app":"mockoon-server","environmentName":"Hotel app","environmentUUID":"887f29ec-8638-4fee-b203-da91407e08de","level":"info","message":"Transaction recorded","requestMethod":"GET","requestPath":"/reservations","requestProxied":false,"responseStatus":200,"timestamp":"2024-05-09T13:05:50.709Z"}
{"app":"mockoon-server","environmentName":"Hotel app","environmentUUID":"887f29ec-8638-4fee-b203-da91407e08de","level":"info","message":"Transaction recorded","requestMethod":"PUT","requestPath":"/reservation/1","requestProxied":false,"responseStatus":200,"timestamp":"2024-05-09T13:05:50.712Z"}
{"app":"mockoon-server","environmentName":"Hotel app","environmentUUID":"887f29ec-8638-4fee-b203-da91407e08de","level":"info","message":"Transaction recorded","requestMethod":"GET","requestPath":"/reservations","requestProxied":false,"responseStatus":200,"timestamp":"2024-05-09T13:06:34.244Z"}
{"app":"mockoon-server","environmentName":"Hotel app","environmentUUID":"887f29ec-8638-4fee-b203-da91407e08de","level":"info","message":"Transaction recorded","requestMethod":"OPTIONS","requestPath":"/reservation","requestProxied":false,"responseStatus":200,"timestamp":"2024-05-09T13:06:51.530Z"}
{"app":"mockoon-server","environmentName":"Hotel app","environmentUUID":"887f29ec-8638-4fee-b203-da91407e08de","level":"info","message":"Transaction recorded","requestMethod":"GET","requestPath":"/reservations","requestProxied":false,"responseStatus":200,"timestamp":"2024-05-09T13:06:51.533Z"}
{"app":"mockoon-server","environmentName":"Hotel app","environmentUUID":"887f29ec-8638-4fee-b203-da91407e08de","level":"info","message":"Transaction recorded","requestMethod":"POST","requestPath":"/reservation","requestProxied":false,"responseStatus":201,"timestamp":"2024-05-09T13:06:51.538Z"}
{"app":"mockoon-server","environmentName":"Hotel app","environmentUUID":"887f29ec-8638-4fee-b203-da91407e08de","level":"info","message":"Server stopped","timestamp":"2024-05-09T13:10:21.162Z"}
